<?xml version="1.0" encoding="UTF-8"?>
<!-- Generated by org.testng.reporters.JUnitXMLReporter -->
<testsuite ignored="6" hostname="DESKTOP-ADHBMR5" failures="0" tests="4" name="Test1" time="71.091" errors="0" timestamp="2022-06-16T14:20:31 IST">
  <testcase classname="com.crm.comcast.createContactMarkettingAssignment.CreateContactGroupAsMarkettingGroupTest" name="CreateContactGroupAsMarkettingGroupTest" time="36.165"/>
  <testcase classname="com.crm.comcast.contact.assignment.CreateConatctsTest" name="CreateConatctsTest" time="45.112"/>
  <testcase classname="com.crm.comcast.createcontactSupportAsignment.CreateContactGroupAsSupportTest" name="CreateContactGroupAsSupportTest" time="40.107"/>
  <testcase classname="com.crm.comcast.createContactTeamSellingTeamAssignment.CreateContactTeamSelling" name="createContactTeamSellingTest" time="46.085"/>
  <testcase classname="com.crm.comcast.genericUtilities.BaseClass" name="@BeforeSuite dbConfig" time="0.0">
    <ignored/>
  </testcase> <!-- @BeforeSuite dbConfig -->
  <testcase classname="com.crm.comcast.genericUtilities.BaseClass" name="@BeforeSuite dbConfig" time="0.0">
    <ignored/>
  </testcase> <!-- @BeforeSuite dbConfig -->
  <testcase classname="com.crm.comcast.genericUtilities.BaseClass" name="@BeforeSuite dbConfig" time="0.0">
    <ignored/>
  </testcase> <!-- @BeforeSuite dbConfig -->
  <testcase classname="com.crm.comcast.genericUtilities.BaseClass" name="@AfterSuite closedbConnection" time="0.0">
    <ignored/>
  </testcase> <!-- @AfterSuite closedbConnection -->
  <testcase classname="com.crm.comcast.genericUtilities.BaseClass" name="@AfterSuite closedbConnection" time="0.0">
    <ignored/>
  </testcase> <!-- @AfterSuite closedbConnection -->
  <testcase classname="com.crm.comcast.genericUtilities.BaseClass" name="@AfterSuite closedbConnection" time="0.0">
    <ignored/>
  </testcase> <!-- @AfterSuite closedbConnection -->
</testsuite> <!-- Test1 -->
