<?xml version="1.0" encoding="UTF-8"?>
<!-- Generated by org.testng.reporters.JUnitXMLReporter -->
<testsuite ignored="2" hostname="DESKTOP-ADHBMR5" failures="0" tests="2" name="TestRunner1" time="83.054" errors="0" timestamp="2022-06-16T13:41:25 IST">
  <testcase classname="com.crm.comcast.contact.assignment.CreateConatctsTest" name="CreateConatctsTest" time="23.616"/>
  <testcase classname="com.crm.comcast.createContactTeamSellingTeamAssignment.CreateContactTeamSelling" name="createContactTeamSellingTest" time="18.004"/>
  <testcase classname="com.crm.comcast.genericUtilities.BaseClass" name="@BeforeSuite dbConfig" time="0.0">
    <ignored/>
  </testcase> <!-- @BeforeSuite dbConfig -->
  <testcase classname="com.crm.comcast.genericUtilities.BaseClass" name="@AfterSuite closedbConnection" time="0.0">
    <ignored/>
  </testcase> <!-- @AfterSuite closedbConnection -->
</testsuite> <!-- TestRunner1 -->
