<?xml version="1.0" encoding="UTF-8"?>
<!-- Generated by org.testng.reporters.JUnitXMLReporter -->
<testsuite ignored="2" hostname="DESKTOP-ADHBMR5" failures="0" tests="2" name="TestRunner2" time="83.733" errors="0" timestamp="2022-06-16T13:41:26 IST">
  <testcase classname="com.crm.comcast.createContactMarkettingAssignment.CreateContactGroupAsMarkettingGroupTest" name="CreateContactGroupAsMarkettingGroupTest" time="23.35"/>
  <testcase classname="com.crm.comcast.createcontactSupportAsignment.CreateContactGroupAsSupportTest" name="CreateContactGroupAsSupportTest" time="18.712"/>
  <testcase classname="com.crm.comcast.genericUtilities.BaseClass" name="@BeforeSuite dbConfig" time="0.0">
    <ignored/>
  </testcase> <!-- @BeforeSuite dbConfig -->
  <testcase classname="com.crm.comcast.genericUtilities.BaseClass" name="@AfterSuite closedbConnection" time="0.0">
    <ignored/>
  </testcase> <!-- @AfterSuite closedbConnection -->
</testsuite> <!-- TestRunner2 -->
